[29-Oct-2025 12:14:24 UTC] PHP Warning:  Undefined variable $Alter in /opt/code/auftrag4.php on line 10
[29-Oct-2025 14:12:18 UTC] PHP Fatal error:  Uncaught Error: Value of type bool is not callable in /opt/code/auftrag2.2.php:6
Stack trace:
#0 {main}
  thrown in /opt/code/auftrag2.2.php on line 6
[30-Oct-2025 08:41:02 UTC] PHP Warning:  Undefined variable $choice in /opt/code/auftrag2.9.php on line 23
[30-Oct-2025 08:41:02 UTC] PHP Warning:  Undefined variable $choice in /opt/code/auftrag2.9.php on line 26
[30-Oct-2025 08:41:02 UTC] PHP Warning:  Undefined variable $choice in /opt/code/auftrag2.9.php on line 29
[30-Oct-2025 08:41:02 UTC] PHP Warning:  Undefined variable $choice in /opt/code/auftrag2.9.php on line 32
[30-Oct-2025 08:41:02 UTC] PHP Warning:  Undefined variable $choice in /opt/code/auftrag2.9.php on line 35
[30-Oct-2025 08:41:02 UTC] PHP Warning:  Undefined variable $choice in /opt/code/auftrag2.9.php on line 38
[30-Oct-2025 08:41:02 UTC] PHP Warning:  Undefined variable $choice in /opt/code/auftrag2.9.php on line 41
[30-Oct-2025 08:41:39 UTC] PHP Warning:  Undefined variable $choice in /opt/code/auftrag2.9.php on line 23
[30-Oct-2025 08:41:39 UTC] PHP Warning:  Undefined variable $choice in /opt/code/auftrag2.9.php on line 26
[30-Oct-2025 08:41:39 UTC] PHP Warning:  Undefined variable $choice in /opt/code/auftrag2.9.php on line 29
[30-Oct-2025 08:41:39 UTC] PHP Warning:  Undefined variable $choice in /opt/code/auftrag2.9.php on line 32
[30-Oct-2025 08:41:39 UTC] PHP Warning:  Undefined variable $choice in /opt/code/auftrag2.9.php on line 35
[30-Oct-2025 08:41:39 UTC] PHP Warning:  Undefined variable $choice in /opt/code/auftrag2.9.php on line 38
[30-Oct-2025 08:41:39 UTC] PHP Warning:  Undefined variable $choice in /opt/code/auftrag2.9.php on line 41
[30-Oct-2025 10:32:12 UTC] PHP Warning:  Undefined variable $i in /opt/code/Block3auftrag2.php on line 11
[30-Oct-2025 10:32:12 UTC] PHP Warning:  Undefined variable $i in /opt/code/Block3auftrag2.php on line 11
[30-Oct-2025 10:32:12 UTC] PHP Warning:  Undefined variable $i in /opt/code/Block3auftrag2.php on line 11
[30-Oct-2025 10:32:12 UTC] PHP Warning:  Undefined variable $i in /opt/code/Block3auftrag2.php on line 11
[30-Oct-2025 10:32:12 UTC] PHP Warning:  Undefined variable $i in /opt/code/Block3auftrag2.php on line 11
[30-Oct-2025 10:32:12 UTC] PHP Warning:  Undefined variable $i in /opt/code/Block3auftrag2.php on line 11
[30-Oct-2025 10:32:12 UTC] PHP Warning:  Undefined variable $i in /opt/code/Block3auftrag2.php on line 11
[30-Oct-2025 10:32:12 UTC] PHP Warning:  Undefined variable $i in /opt/code/Block3auftrag2.php on line 11
[30-Oct-2025 10:32:12 UTC] PHP Warning:  Undefined variable $i in /opt/code/Block3auftrag2.php on line 11
[30-Oct-2025 10:32:12 UTC] PHP Warning:  Undefined variable $i in /opt/code/Block3auftrag2.php on line 11
[30-Oct-2025 10:32:12 UTC] PHP Warning:  Undefined variable $i in /opt/code/Block3auftrag2.php on line 11
[30-Oct-2025 10:32:12 UTC] PHP Warning:  Undefined variable $i in /opt/code/Block3auftrag2.php on line 11
[30-Oct-2025 10:32:12 UTC] PHP Warning:  Undefined variable $i in /opt/code/Block3auftrag2.php on line 11
[30-Oct-2025 10:32:12 UTC] PHP Warning:  Undefined variable $i in /opt/code/Block3auftrag2.php on line 11
[30-Oct-2025 10:32:12 UTC] PHP Warning:  Undefined variable $i in /opt/code/Block3auftrag2.php on line 11
[30-Oct-2025 10:32:12 UTC] PHP Warning:  Undefined variable $i in /opt/code/Block3auftrag2.php on line 11
[30-Oct-2025 10:32:12 UTC] PHP Warning:  Undefined variable $i in /opt/code/Block3auftrag2.php on line 11
[30-Oct-2025 10:32:12 UTC] PHP Warning:  Undefined variable $i in /opt/code/Block3auftrag2.php on line 11
[30-Oct-2025 10:32:12 UTC] PHP Warning:  Undefined variable $i in /opt/code/Block3auftrag2.php on line 11
[30-Oct-2025 10:32:12 UTC] PHP Warning:  Undefined variable $i in /opt/code/Block3auftrag2.php on line 11
[30-Oct-2025 10:32:12 UTC] PHP Warning:  Undefined variable $i in /opt/code/Block3auftrag2.php on line 11
[30-Oct-2025 10:32:12 UTC] PHP Warning:  Undefined variable $i in /opt/code/Block3auftrag2.php on line 11
[30-Oct-2025 10:32:12 UTC] PHP Warning:  Undefined variable $i in /opt/code/Block3auftrag2.php on line 11
[30-Oct-2025 10:32:12 UTC] PHP Warning:  Undefined variable $i in /opt/code/Block3auftrag2.php on line 11
[30-Oct-2025 10:32:12 UTC] PHP Warning:  Undefined variable $i in /opt/code/Block3auftrag2.php on line 11
[30-Oct-2025 10:32:12 UTC] PHP Warning:  Undefined variable $i in /opt/code/Block3auftrag2.php on line 11
[30-Oct-2025 10:32:12 UTC] PHP Warning:  Undefined variable $i in /opt/code/Block3auftrag2.php on line 11
[30-Oct-2025 10:32:12 UTC] PHP Warning:  Undefined variable $i in /opt/code/Block3auftrag2.php on line 11
[30-Oct-2025 10:32:12 UTC] PHP Warning:  Undefined variable $i in /opt/code/Block3auftrag2.php on line 11
[30-Oct-2025 10:32:13 UTC] PHP Warning:  Undefined variable $i in /opt/code/Block3auftrag2.php on line 11
[30-Oct-2025 10:32:13 UTC] PHP Warning:  Undefined variable $i in /opt/code/Block3auftrag2.php on line 11
[30-Oct-2025 10:32:13 UTC] PHP Warning:  Undefined variable $i in /opt/code/Block3auftrag2.php on line 11
[30-Oct-2025 10:32:13 UTC] PHP Warning:  Undefined variable $i in /opt/code/Block3auftrag2.php on line 11
[30-Oct-2025 10:32:13 UTC] PHP Warning:  Undefined variable $i in /opt/code/Block3auftrag2.php on line 11
[30-Oct-2025 10:32:13 UTC] PHP Warning:  Undefined variable $i in /opt/code/Block3auftrag2.php on line 11
[30-Oct-2025 10:32:13 UTC] PHP Warning:  Undefined variable $i in /opt/code/Block3auftrag2.php on line 11
[30-Oct-2025 10:32:13 UTC] PHP Warning:  Undefined variable $i in /opt/code/Block3auftrag2.php on line 11
[30-Oct-2025 10:32:13 UTC] PHP Warning:  Undefined variable $i in /opt/code/Block3auftrag2.php on line 11
[30-Oct-2025 10:32:13 UTC] PHP Warning:  Undefined variable $i in /opt/code/Block3auftrag2.php on line 11
[30-Oct-2025 10:32:13 UTC] PHP Warning:  Undefined variable $i in /opt/code/Block3auftrag2.php on line 11
[30-Oct-2025 10:32:13 UTC] PHP Warning:  Undefined variable $i in /opt/code/Block3auftrag2.php on line 11
[30-Oct-2025 10:32:13 UTC] PHP Warning:  Undefined variable $i in /opt/code/Block3auftrag2.php on line 11
[30-Oct-2025 10:32:13 UTC] PHP Warning:  Undefined variable $i in /opt/code/Block3auftrag2.php on line 11
[30-Oct-2025 10:32:13 UTC] PHP Warning:  Undefined variable $i in /opt/code/Block3auftrag2.php on line 11
[30-Oct-2025 10:32:13 UTC] PHP Warning:  Undefined variable $i in /opt/code/Block3auftrag2.php on line 11
[30-Oct-2025 10:32:13 UTC] PHP Warning:  Undefined variable $i in /opt/code/Block3auftrag2.php on line 11
[30-Oct-2025 10:32:13 UTC] PHP Warning:  Undefined variable $i in /opt/code/Block3auftrag2.php on line 11
[30-Oct-2025 10:32:13 UTC] PHP Warning:  Undefined variable $i in /opt/code/Block3auftrag2.php on line 11
[30-Oct-2025 10:32:13 UTC] PHP Warning:  Undefined variable $i in /opt/code/Block3auftrag2.php on line 11
[30-Oct-2025 10:32:13 UTC] PHP Warning:  Undefined variable $i in /opt/code/Block3auftrag2.php on line 11
[30-Oct-2025 10:32:13 UTC] PHP Warning:  Undefined variable $i in /opt/code/Block3auftrag2.php on line 11
[30-Oct-2025 10:32:13 UTC] PHP Warning:  Undefined variable $i in /opt/code/Block3auftrag2.php on line 11
[30-Oct-2025 10:32:13 UTC] PHP Warning:  Undefined variable $i in /opt/code/Block3auftrag2.php on line 11
[30-Oct-2025 10:32:13 UTC] PHP Warning:  Undefined variable $i in /opt/code/Block3auftrag2.php on line 11
[30-Oct-2025 10:32:13 UTC] PHP Warning:  Undefined variable $i in /opt/code/Block3auftrag2.php on line 11
[30-Oct-2025 10:32:13 UTC] PHP Warning:  Undefined variable $i in /opt/code/Block3auftrag2.php on line 11
[30-Oct-2025 10:32:13 UTC] PHP Warning:  Undefined variable $i in /opt/code/Block3auftrag2.php on line 11
[30-Oct-2025 10:32:13 UTC] PHP Warning:  Undefined variable $i in /opt/code/Block3auftrag2.php on line 11
[30-Oct-2025 10:32:13 UTC] PHP Warning:  Undefined variable $i in /opt/code/Block3auftrag2.php on line 11
[30-Oct-2025 10:32:13 UTC] PHP Warning:  Undefined variable $i in /opt/code/Block3auftrag2.php on line 11
[30-Oct-2025 10:32:13 UTC] PHP Warning:  Undefined variable $i in /opt/code/Block3auftrag2.php on line 11
[30-Oct-2025 10:32:13 UTC] PHP Warning:  Undefined variable $i in /opt/code/Block3auftrag2.php on line 11
[30-Oct-2025 10:32:13 UTC] PHP Warning:  Undefined variable $i in /opt/code/Block3auftrag2.php on line 11
[30-Oct-2025 10:32:13 UTC] PHP Warning:  Undefined variable $i in /opt/code/Block3auftrag2.php on line 11
[30-Oct-2025 10:32:13 UTC] PHP Warning:  Undefined variable $i in /opt/code/Block3auftrag2.php on line 11
[30-Oct-2025 10:32:13 UTC] PHP Warning:  Undefined variable $i in /opt/code/Block3auftrag2.php on line 11
[30-Oct-2025 10:32:13 UTC] PHP Warning:  Undefined variable $i in /opt/code/Block3auftrag2.php on line 11
[30-Oct-2025 10:32:13 UTC] PHP Warning:  Undefined variable $i in /opt/code/Block3auftrag2.php on line 11
[30-Oct-2025 10:32:13 UTC] PHP Warning:  Undefined variable $i in /opt/code/Block3auftrag2.php on line 11
[30-Oct-2025 10:32:14 UTC] PHP Warning:  Undefined variable $i in /opt/code/Block3auftrag2.php on line 11
[30-Oct-2025 10:32:14 UTC] PHP Warning:  Undefined variable $i in /opt/code/Block3auftrag2.php on line 11
[30-Oct-2025 10:32:14 UTC] PHP Warning:  Undefined variable $i in /opt/code/Block3auftrag2.php on line 11
[30-Oct-2025 10:32:14 UTC] PHP Warning:  Undefined variable $i in /opt/code/Block3auftrag2.php on line 11
[30-Oct-2025 10:32:14 UTC] PHP Warning:  Undefined variable $i in /opt/code/Block3auftrag2.php on line 11
[30-Oct-2025 10:32:14 UTC] PHP Warning:  Undefined variable $i in /opt/code/Block3auftrag2.php on line 11
[30-Oct-2025 10:32:14 UTC] PHP Warning:  Undefined variable $i in /opt/code/Block3auftrag2.php on line 11
[30-Oct-2025 10:32:14 UTC] PHP Warning:  Undefined variable $i in /opt/code/Block3auftrag2.php on line 11
[30-Oct-2025 10:32:14 UTC] PHP Warning:  Undefined variable $i in /opt/code/Block3auftrag2.php on line 11
[30-Oct-2025 10:32:14 UTC] PHP Warning:  Undefined variable $i in /opt/code/Block3auftrag2.php on line 11
[30-Oct-2025 10:32:14 UTC] PHP Warning:  Undefined variable $i in /opt/code/Block3auftrag2.php on line 11
[30-Oct-2025 10:32:14 UTC] PHP Warning:  Undefined variable $i in /opt/code/Block3auftrag2.php on line 11
[30-Oct-2025 10:32:14 UTC] PHP Warning:  Undefined variable $i in /opt/code/Block3auftrag2.php on line 11
[30-Oct-2025 10:32:14 UTC] PHP Warning:  Undefined variable $i in /opt/code/Block3auftrag2.php on line 11
[30-Oct-2025 10:32:14 UTC] PHP Warning:  Undefined variable $i in /opt/code/Block3auftrag2.php on line 11
[30-Oct-2025 10:32:14 UTC] PHP Warning:  Undefined variable $i in /opt/code/Block3auftrag2.php on line 11
[30-Oct-2025 10:32:14 UTC] PHP Warning:  Undefined variable $i in /opt/code/Block3auftrag2.php on line 11
[30-Oct-2025 10:32:14 UTC] PHP Warning:  Undefined variable $i in /opt/code/Block3auftrag2.php on line 11
[30-Oct-2025 10:32:14 UTC] PHP Warning:  Undefined variable $i in /opt/code/Block3auftrag2.php on line 11
[30-Oct-2025 10:32:14 UTC] PHP Warning:  Undefined variable $i in /opt/code/Block3auftrag2.php on line 11
[30-Oct-2025 10:32:14 UTC] PHP Warning:  Undefined variable $i in /opt/code/Block3auftrag2.php on line 11
[30-Oct-2025 10:32:14 UTC] PHP Warning:  Undefined variable $i in /opt/code/Block3auftrag2.php on line 11
[30-Oct-2025 10:32:14 UTC] PHP Warning:  Undefined variable $i in /opt/code/Block3auftrag2.php on line 11
[30-Oct-2025 10:32:14 UTC] PHP Warning:  Undefined variable $i in /opt/code/Block3auftrag2.php on line 11
[30-Oct-2025 10:32:14 UTC] PHP Warning:  Undefined variable $i in /opt/code/Block3auftrag2.php on line 11
[30-Oct-2025 10:32:14 UTC] PHP Warning:  Undefined variable $i in /opt/code/Block3auftrag2.php on line 11
[30-Oct-2025 10:32:14 UTC] PHP Warning:  Undefined variable $i in /opt/code/Block3auftrag2.php on line 11
[30-Oct-2025 10:32:14 UTC] PHP Warning:  Undefined variable $i in /opt/code/Block3auftrag2.php on line 11
[30-Oct-2025 10:32:14 UTC] PHP Warning:  Undefined variable $i in /opt/code/Block3auftrag2.php on line 11
[30-Oct-2025 10:32:14 UTC] PHP Warning:  Undefined variable $i in /opt/code/Block3auftrag2.php on line 11
[30-Oct-2025 10:32:14 UTC] PHP Warning:  Undefined variable $i in /opt/code/Block3auftrag2.php on line 11
[30-Oct-2025 10:32:14 UTC] PHP Warning:  Undefined variable $i in /opt/code/Block3auftrag2.php on line 11
[30-Oct-2025 10:32:14 UTC] PHP Warning:  Undefined variable $i in /opt/code/Block3auftrag2.php on line 11
[30-Oct-2025 10:32:14 UTC] PHP Warning:  Undefined variable $i in /opt/code/Block3auftrag2.php on line 11
[30-Oct-2025 10:32:14 UTC] PHP Warning:  Undefined variable $i in /opt/code/Block3auftrag2.php on line 11
[30-Oct-2025 10:32:14 UTC] PHP Warning:  Undefined variable $i in /opt/code/Block3auftrag2.php on line 11
[30-Oct-2025 10:32:15 UTC] PHP Warning:  Undefined variable $i in /opt/code/Block3auftrag2.php on line 11
[30-Oct-2025 10:32:15 UTC] PHP Warning:  Undefined variable $i in /opt/code/Block3auftrag2.php on line 11
[30-Oct-2025 10:32:15 UTC] PHP Warning:  Undefined variable $i in /opt/code/Block3auftrag2.php on line 11
[30-Oct-2025 10:32:15 UTC] PHP Warning:  Undefined variable $i in /opt/code/Block3auftrag2.php on line 11
[30-Oct-2025 10:32:15 UTC] PHP Warning:  Undefined variable $i in /opt/code/Block3auftrag2.php on line 11
[30-Oct-2025 10:32:15 UTC] PHP Warning:  Undefined variable $i in /opt/code/Block3auftrag2.php on line 11
[30-Oct-2025 10:32:15 UTC] PHP Warning:  Undefined variable $i in /opt/code/Block3auftrag2.php on line 11
[30-Oct-2025 10:32:15 UTC] PHP Warning:  Undefined variable $i in /opt/code/Block3auftrag2.php on line 11
[30-Oct-2025 10:32:15 UTC] PHP Warning:  Undefined variable $i in /opt/code/Block3auftrag2.php on line 11
[30-Oct-2025 10:32:15 UTC] PHP Warning:  Undefined variable $i in /opt/code/Block3auftrag2.php on line 11
[30-Oct-2025 10:32:15 UTC] PHP Warning:  Undefined variable $i in /opt/code/Block3auftrag2.php on line 11
[30-Oct-2025 10:32:15 UTC] PHP Warning:  Undefined variable $i in /opt/code/Block3auftrag2.php on line 11
[30-Oct-2025 10:32:15 UTC] PHP Warning:  Undefined variable $i in /opt/code/Block3auftrag2.php on line 11
[30-Oct-2025 10:32:15 UTC] PHP Warning:  Undefined variable $i in /opt/code/Block3auftrag2.php on line 11
[30-Oct-2025 10:32:15 UTC] PHP Warning:  Undefined variable $i in /opt/code/Block3auftrag2.php on line 11
[30-Oct-2025 10:32:15 UTC] PHP Warning:  Undefined variable $i in /opt/code/Block3auftrag2.php on line 11
[30-Oct-2025 10:32:15 UTC] PHP Warning:  Undefined variable $i in /opt/code/Block3auftrag2.php on line 11
[30-Oct-2025 10:32:15 UTC] PHP Warning:  Undefined variable $i in /opt/code/Block3auftrag2.php on line 11
[30-Oct-2025 10:32:15 UTC] PHP Warning:  Undefined variable $i in /opt/code/Block3auftrag2.php on line 11
[30-Oct-2025 10:32:15 UTC] PHP Warning:  Undefined variable $i in /opt/code/Block3auftrag2.php on line 11
[30-Oct-2025 10:32:15 UTC] PHP Warning:  Undefined variable $i in /opt/code/Block3auftrag2.php on line 11
[30-Oct-2025 10:32:15 UTC] PHP Warning:  Undefined variable $i in /opt/code/Block3auftrag2.php on line 11
[30-Oct-2025 10:32:15 UTC] PHP Warning:  Undefined variable $i in /opt/code/Block3auftrag2.php on line 11
[30-Oct-2025 10:32:15 UTC] PHP Warning:  Undefined variable $i in /opt/code/Block3auftrag2.php on line 11
[30-Oct-2025 10:32:15 UTC] PHP Warning:  Undefined variable $i in /opt/code/Block3auftrag2.php on line 11
[30-Oct-2025 10:32:15 UTC] PHP Warning:  Undefined variable $i in /opt/code/Block3auftrag2.php on line 11
[30-Oct-2025 10:32:15 UTC] PHP Warning:  Undefined variable $i in /opt/code/Block3auftrag2.php on line 11
[30-Oct-2025 10:32:15 UTC] PHP Warning:  Undefined variable $i in /opt/code/Block3auftrag2.php on line 11
[30-Oct-2025 10:32:15 UTC] PHP Warning:  Undefined variable $i in /opt/code/Block3auftrag2.php on line 11
[30-Oct-2025 10:32:15 UTC] PHP Warning:  Undefined variable $i in /opt/code/Block3auftrag2.php on line 11
[30-Oct-2025 10:32:15 UTC] PHP Warning:  Undefined variable $i in /opt/code/Block3auftrag2.php on line 11
[30-Oct-2025 10:32:15 UTC] PHP Warning:  Undefined variable $i in /opt/code/Block3auftrag2.php on line 11
[30-Oct-2025 10:32:15 UTC] PHP Warning:  Undefined variable $i in /opt/code/Block3auftrag2.php on line 11
[30-Oct-2025 10:32:15 UTC] PHP Warning:  Undefined variable $i in /opt/code/Block3auftrag2.php on line 11
[30-Oct-2025 10:32:15 UTC] PHP Warning:  Undefined variable $i in /opt/code/Block3auftrag2.php on line 11
[30-Oct-2025 10:32:15 UTC] PHP Warning:  Undefined variable $i in /opt/code/Block3auftrag2.php on line 11
[30-Oct-2025 10:32:15 UTC] PHP Warning:  Undefined variable $i in /opt/code/Block3auftrag2.php on line 11
[30-Oct-2025 10:32:15 UTC] PHP Warning:  Undefined variable $i in /opt/code/Block3auftrag2.php on line 11
[30-Oct-2025 10:32:15 UTC] PHP Warning:  Undefined variable $i in /opt/code/Block3auftrag2.php on line 11
[30-Oct-2025 10:32:16 UTC] PHP Warning:  Undefined variable $i in /opt/code/Block3auftrag2.php on line 11
[30-Oct-2025 10:32:16 UTC] PHP Warning:  Undefined variable $i in /opt/code/Block3auftrag2.php on line 11
[30-Oct-2025 10:32:16 UTC] PHP Warning:  Undefined variable $i in /opt/code/Block3auftrag2.php on line 11
[30-Oct-2025 10:32:16 UTC] PHP Warning:  Undefined variable $i in /opt/code/Block3auftrag2.php on line 11
[30-Oct-2025 10:32:16 UTC] PHP Warning:  Undefined variable $i in /opt/code/Block3auftrag2.php on line 11
[30-Oct-2025 10:32:16 UTC] PHP Warning:  Undefined variable $i in /opt/code/Block3auftrag2.php on line 11
[30-Oct-2025 10:32:16 UTC] PHP Warning:  Undefined variable $i in /opt/code/Block3auftrag2.php on line 11
[30-Oct-2025 10:32:16 UTC] PHP Warning:  Undefined variable $i in /opt/code/Block3auftrag2.php on line 11
[30-Oct-2025 10:32:16 UTC] PHP Warning:  Undefined variable $i in /opt/code/Block3auftrag2.php on line 11
[30-Oct-2025 10:32:16 UTC] PHP Warning:  Undefined variable $i in /opt/code/Block3auftrag2.php on line 11
[30-Oct-2025 10:32:16 UTC] PHP Warning:  Undefined variable $i in /opt/code/Block3auftrag2.php on line 11
[30-Oct-2025 10:32:16 UTC] PHP Warning:  Undefined variable $i in /opt/code/Block3auftrag2.php on line 11
[30-Oct-2025 10:32:16 UTC] PHP Warning:  Undefined variable $i in /opt/code/Block3auftrag2.php on line 11
[30-Oct-2025 10:32:16 UTC] PHP Warning:  Undefined variable $i in /opt/code/Block3auftrag2.php on line 11
[30-Oct-2025 10:32:16 UTC] PHP Warning:  Undefined variable $i in /opt/code/Block3auftrag2.php on line 11
[30-Oct-2025 10:32:16 UTC] PHP Warning:  Undefined variable $i in /opt/code/Block3auftrag2.php on line 11
[30-Oct-2025 10:32:16 UTC] PHP Warning:  Undefined variable $i in /opt/code/Block3auftrag2.php on line 11
[30-Oct-2025 10:32:16 UTC] PHP Warning:  Undefined variable $i in /opt/code/Block3auftrag2.php on line 11
[30-Oct-2025 10:32:16 UTC] PHP Warning:  Undefined variable $i in /opt/code/Block3auftrag2.php on line 11
[30-Oct-2025 10:32:16 UTC] PHP Warning:  Undefined variable $i in /opt/code/Block3auftrag2.php on line 11
[30-Oct-2025 10:32:16 UTC] PHP Warning:  Undefined variable $i in /opt/code/Block3auftrag2.php on line 11
[30-Oct-2025 10:32:16 UTC] PHP Warning:  Undefined variable $i in /opt/code/Block3auftrag2.php on line 11
[30-Oct-2025 10:32:16 UTC] PHP Warning:  Undefined variable $i in /opt/code/Block3auftrag2.php on line 11
[30-Oct-2025 10:32:16 UTC] PHP Warning:  Undefined variable $i in /opt/code/Block3auftrag2.php on line 11
[30-Oct-2025 10:32:16 UTC] PHP Warning:  Undefined variable $i in /opt/code/Block3auftrag2.php on line 11
[30-Oct-2025 10:32:16 UTC] PHP Warning:  Undefined variable $i in /opt/code/Block3auftrag2.php on line 11
[30-Oct-2025 10:32:16 UTC] PHP Warning:  Undefined variable $i in /opt/code/Block3auftrag2.php on line 11
[30-Oct-2025 10:32:16 UTC] PHP Warning:  Undefined variable $i in /opt/code/Block3auftrag2.php on line 11
[30-Oct-2025 10:32:16 UTC] PHP Warning:  Undefined variable $i in /opt/code/Block3auftrag2.php on line 11
[30-Oct-2025 10:32:16 UTC] PHP Warning:  Undefined variable $i in /opt/code/Block3auftrag2.php on line 11
[30-Oct-2025 10:32:16 UTC] PHP Warning:  Undefined variable $i in /opt/code/Block3auftrag2.php on line 11
[30-Oct-2025 10:32:16 UTC] PHP Warning:  Undefined variable $i in /opt/code/Block3auftrag2.php on line 11
[30-Oct-2025 10:32:16 UTC] PHP Warning:  Undefined variable $i in /opt/code/Block3auftrag2.php on line 11
[30-Oct-2025 10:32:16 UTC] PHP Warning:  Undefined variable $i in /opt/code/Block3auftrag2.php on line 11
[30-Oct-2025 10:32:16 UTC] PHP Warning:  Undefined variable $i in /opt/code/Block3auftrag2.php on line 11
[30-Oct-2025 10:32:16 UTC] PHP Warning:  Undefined variable $i in /opt/code/Block3auftrag2.php on line 11
[30-Oct-2025 10:32:16 UTC] PHP Warning:  Undefined variable $i in /opt/code/Block3auftrag2.php on line 11
[30-Oct-2025 10:32:16 UTC] PHP Warning:  Undefined variable $i in /opt/code/Block3auftrag2.php on line 11
[30-Oct-2025 10:32:16 UTC] PHP Warning:  Undefined variable $i in /opt/code/Block3auftrag2.php on line 11
[30-Oct-2025 10:32:17 UTC] PHP Warning:  Undefined variable $i in /opt/code/Block3auftrag2.php on line 11
[30-Oct-2025 10:32:17 UTC] PHP Warning:  Undefined variable $i in /opt/code/Block3auftrag2.php on line 11
[30-Oct-2025 10:32:17 UTC] PHP Warning:  Undefined variable $i in /opt/code/Block3auftrag2.php on line 11
[30-Oct-2025 10:32:17 UTC] PHP Warning:  Undefined variable $i in /opt/code/Block3auftrag2.php on line 11
[30-Oct-2025 10:32:17 UTC] PHP Warning:  Undefined variable $i in /opt/code/Block3auftrag2.php on line 11
[30-Oct-2025 10:32:17 UTC] PHP Warning:  Undefined variable $i in /opt/code/Block3auftrag2.php on line 11
[30-Oct-2025 10:32:17 UTC] PHP Warning:  Undefined variable $i in /opt/code/Block3auftrag2.php on line 11
[30-Oct-2025 10:32:17 UTC] PHP Warning:  Undefined variable $i in /opt/code/Block3auftrag2.php on line 11
[30-Oct-2025 10:32:17 UTC] PHP Warning:  Undefined variable $i in /opt/code/Block3auftrag2.php on line 11
[30-Oct-2025 10:32:17 UTC] PHP Warning:  Undefined variable $i in /opt/code/Block3auftrag2.php on line 11
[30-Oct-2025 10:32:17 UTC] PHP Warning:  Undefined variable $i in /opt/code/Block3auftrag2.php on line 11
[30-Oct-2025 10:32:17 UTC] PHP Warning:  Undefined variable $i in /opt/code/Block3auftrag2.php on line 11
[30-Oct-2025 10:32:17 UTC] PHP Warning:  Undefined variable $i in /opt/code/Block3auftrag2.php on line 11
[30-Oct-2025 10:32:17 UTC] PHP Warning:  Undefined variable $i in /opt/code/Block3auftrag2.php on line 11
[30-Oct-2025 10:32:17 UTC] PHP Warning:  Undefined variable $i in /opt/code/Block3auftrag2.php on line 11
[30-Oct-2025 10:32:17 UTC] PHP Warning:  Undefined variable $i in /opt/code/Block3auftrag2.php on line 11
[30-Oct-2025 10:32:17 UTC] PHP Warning:  Undefined variable $i in /opt/code/Block3auftrag2.php on line 11
[30-Oct-2025 10:32:17 UTC] PHP Warning:  Undefined variable $i in /opt/code/Block3auftrag2.php on line 11
[30-Oct-2025 10:32:17 UTC] PHP Warning:  Undefined variable $i in /opt/code/Block3auftrag2.php on line 11
[30-Oct-2025 10:32:17 UTC] PHP Warning:  Undefined variable $i in /opt/code/Block3auftrag2.php on line 11
[30-Oct-2025 10:32:17 UTC] PHP Warning:  Undefined variable $i in /opt/code/Block3auftrag2.php on line 11
[30-Oct-2025 10:32:17 UTC] PHP Warning:  Undefined variable $i in /opt/code/Block3auftrag2.php on line 11
[30-Oct-2025 10:32:17 UTC] PHP Warning:  Undefined variable $i in /opt/code/Block3auftrag2.php on line 11
[30-Oct-2025 10:32:17 UTC] PHP Warning:  Undefined variable $i in /opt/code/Block3auftrag2.php on line 11
[30-Oct-2025 10:32:17 UTC] PHP Warning:  Undefined variable $i in /opt/code/Block3auftrag2.php on line 11
[30-Oct-2025 10:32:17 UTC] PHP Warning:  Undefined variable $i in /opt/code/Block3auftrag2.php on line 11
[30-Oct-2025 10:32:17 UTC] PHP Warning:  Undefined variable $i in /opt/code/Block3auftrag2.php on line 11
[30-Oct-2025 10:32:17 UTC] PHP Warning:  Undefined variable $i in /opt/code/Block3auftrag2.php on line 11
[30-Oct-2025 10:32:17 UTC] PHP Warning:  Undefined variable $i in /opt/code/Block3auftrag2.php on line 11
[30-Oct-2025 10:32:17 UTC] PHP Warning:  Undefined variable $i in /opt/code/Block3auftrag2.php on line 11
[30-Oct-2025 10:32:17 UTC] PHP Warning:  Undefined variable $i in /opt/code/Block3auftrag2.php on line 11
[30-Oct-2025 10:32:17 UTC] PHP Warning:  Undefined variable $i in /opt/code/Block3auftrag2.php on line 11
[30-Oct-2025 10:32:17 UTC] PHP Warning:  Undefined variable $i in /opt/code/Block3auftrag2.php on line 11
[30-Oct-2025 10:32:17 UTC] PHP Warning:  Undefined variable $i in /opt/code/Block3auftrag2.php on line 11
[30-Oct-2025 10:32:17 UTC] PHP Warning:  Undefined variable $i in /opt/code/Block3auftrag2.php on line 11
[30-Oct-2025 10:32:17 UTC] PHP Warning:  Undefined variable $i in /opt/code/Block3auftrag2.php on line 11
[30-Oct-2025 10:32:17 UTC] PHP Warning:  Undefined variable $i in /opt/code/Block3auftrag2.php on line 11
[30-Oct-2025 10:32:17 UTC] PHP Warning:  Undefined variable $i in /opt/code/Block3auftrag2.php on line 11
[30-Oct-2025 10:32:17 UTC] PHP Warning:  Undefined variable $i in /opt/code/Block3auftrag2.php on line 11
[30-Oct-2025 10:32:18 UTC] PHP Warning:  Undefined variable $i in /opt/code/Block3auftrag2.php on line 11
[30-Oct-2025 10:32:18 UTC] PHP Warning:  Undefined variable $i in /opt/code/Block3auftrag2.php on line 11
[30-Oct-2025 10:32:18 UTC] PHP Warning:  Undefined variable $i in /opt/code/Block3auftrag2.php on line 11
[30-Oct-2025 10:32:18 UTC] PHP Warning:  Undefined variable $i in /opt/code/Block3auftrag2.php on line 11
[30-Oct-2025 10:32:18 UTC] PHP Warning:  Undefined variable $i in /opt/code/Block3auftrag2.php on line 11
[30-Oct-2025 10:32:18 UTC] PHP Warning:  Undefined variable $i in /opt/code/Block3auftrag2.php on line 11
[30-Oct-2025 10:32:18 UTC] PHP Warning:  Undefined variable $i in /opt/code/Block3auftrag2.php on line 11
[30-Oct-2025 10:32:18 UTC] PHP Warning:  Undefined variable $i in /opt/code/Block3auftrag2.php on line 11
[30-Oct-2025 10:32:18 UTC] PHP Warning:  Undefined variable $i in /opt/code/Block3auftrag2.php on line 11
[30-Oct-2025 10:32:18 UTC] PHP Warning:  Undefined variable $i in /opt/code/Block3auftrag2.php on line 11
[30-Oct-2025 10:32:18 UTC] PHP Warning:  Undefined variable $i in /opt/code/Block3auftrag2.php on line 11
[30-Oct-2025 10:32:18 UTC] PHP Warning:  Undefined variable $i in /opt/code/Block3auftrag2.php on line 11
[30-Oct-2025 10:32:18 UTC] PHP Warning:  Undefined variable $i in /opt/code/Block3auftrag2.php on line 11
[30-Oct-2025 10:32:18 UTC] PHP Warning:  Undefined variable $i in /opt/code/Block3auftrag2.php on line 11
[30-Oct-2025 10:32:18 UTC] PHP Warning:  Undefined variable $i in /opt/code/Block3auftrag2.php on line 11
[30-Oct-2025 10:32:18 UTC] PHP Warning:  Undefined variable $i in /opt/code/Block3auftrag2.php on line 11
[30-Oct-2025 10:32:18 UTC] PHP Warning:  Undefined variable $i in /opt/code/Block3auftrag2.php on line 11
[30-Oct-2025 10:32:18 UTC] PHP Warning:  Undefined variable $i in /opt/code/Block3auftrag2.php on line 11
[30-Oct-2025 10:32:18 UTC] PHP Warning:  Undefined variable $i in /opt/code/Block3auftrag2.php on line 11
[30-Oct-2025 10:32:18 UTC] PHP Warning:  Undefined variable $i in /opt/code/Block3auftrag2.php on line 11
[30-Oct-2025 10:32:18 UTC] PHP Warning:  Undefined variable $i in /opt/code/Block3auftrag2.php on line 11
[30-Oct-2025 10:32:18 UTC] PHP Warning:  Undefined variable $i in /opt/code/Block3auftrag2.php on line 11
[30-Oct-2025 10:32:18 UTC] PHP Warning:  Undefined variable $i in /opt/code/Block3auftrag2.php on line 11
[30-Oct-2025 10:32:18 UTC] PHP Warning:  Undefined variable $i in /opt/code/Block3auftrag2.php on line 11
[30-Oct-2025 10:32:18 UTC] PHP Warning:  Undefined variable $i in /opt/code/Block3auftrag2.php on line 11
[30-Oct-2025 10:32:18 UTC] PHP Warning:  Undefined variable $i in /opt/code/Block3auftrag2.php on line 11
[30-Oct-2025 10:32:18 UTC] PHP Warning:  Undefined variable $i in /opt/code/Block3auftrag2.php on line 11
[30-Oct-2025 10:32:18 UTC] PHP Warning:  Undefined variable $i in /opt/code/Block3auftrag2.php on line 11
[30-Oct-2025 10:32:18 UTC] PHP Warning:  Undefined variable $i in /opt/code/Block3auftrag2.php on line 11
[30-Oct-2025 10:32:18 UTC] PHP Warning:  Undefined variable $i in /opt/code/Block3auftrag2.php on line 11
[30-Oct-2025 10:32:18 UTC] PHP Warning:  Undefined variable $i in /opt/code/Block3auftrag2.php on line 11
[30-Oct-2025 10:32:18 UTC] PHP Warning:  Undefined variable $i in /opt/code/Block3auftrag2.php on line 11
[30-Oct-2025 10:32:18 UTC] PHP Warning:  Undefined variable $i in /opt/code/Block3auftrag2.php on line 11
[30-Oct-2025 10:32:18 UTC] PHP Warning:  Undefined variable $i in /opt/code/Block3auftrag2.php on line 11
[30-Oct-2025 10:32:18 UTC] PHP Warning:  Undefined variable $i in /opt/code/Block3auftrag2.php on line 11
[30-Oct-2025 10:32:18 UTC] PHP Warning:  Undefined variable $i in /opt/code/Block3auftrag2.php on line 11
[30-Oct-2025 10:32:18 UTC] PHP Warning:  Undefined variable $i in /opt/code/Block3auftrag2.php on line 11
[30-Oct-2025 10:32:18 UTC] PHP Warning:  Undefined variable $i in /opt/code/Block3auftrag2.php on line 11
[30-Oct-2025 10:32:18 UTC] PHP Warning:  Undefined variable $i in /opt/code/Block3auftrag2.php on line 11
[30-Oct-2025 10:32:19 UTC] PHP Warning:  Undefined variable $i in /opt/code/Block3auftrag2.php on line 11
[30-Oct-2025 10:32:19 UTC] PHP Warning:  Undefined variable $i in /opt/code/Block3auftrag2.php on line 11
[30-Oct-2025 10:32:19 UTC] PHP Warning:  Undefined variable $i in /opt/code/Block3auftrag2.php on line 11
[30-Oct-2025 10:32:19 UTC] PHP Warning:  Undefined variable $i in /opt/code/Block3auftrag2.php on line 11
[30-Oct-2025 10:32:19 UTC] PHP Warning:  Undefined variable $i in /opt/code/Block3auftrag2.php on line 11
[30-Oct-2025 10:32:19 UTC] PHP Warning:  Undefined variable $i in /opt/code/Block3auftrag2.php on line 11
[30-Oct-2025 10:32:19 UTC] PHP Warning:  Undefined variable $i in /opt/code/Block3auftrag2.php on line 11
[30-Oct-2025 10:32:19 UTC] PHP Warning:  Undefined variable $i in /opt/code/Block3auftrag2.php on line 11
[30-Oct-2025 10:32:19 UTC] PHP Warning:  Undefined variable $i in /opt/code/Block3auftrag2.php on line 11
[30-Oct-2025 10:32:19 UTC] PHP Warning:  Undefined variable $i in /opt/code/Block3auftrag2.php on line 11
[30-Oct-2025 10:32:19 UTC] PHP Warning:  Undefined variable $i in /opt/code/Block3auftrag2.php on line 11
[30-Oct-2025 10:32:19 UTC] PHP Warning:  Undefined variable $i in /opt/code/Block3auftrag2.php on line 11
[30-Oct-2025 10:32:19 UTC] PHP Warning:  Undefined variable $i in /opt/code/Block3auftrag2.php on line 11
[30-Oct-2025 10:32:19 UTC] PHP Warning:  Undefined variable $i in /opt/code/Block3auftrag2.php on line 11
[30-Oct-2025 10:32:19 UTC] PHP Warning:  Undefined variable $i in /opt/code/Block3auftrag2.php on line 11
[30-Oct-2025 10:32:19 UTC] PHP Warning:  Undefined variable $i in /opt/code/Block3auftrag2.php on line 11
[30-Oct-2025 10:32:19 UTC] PHP Warning:  Undefined variable $i in /opt/code/Block3auftrag2.php on line 11
[30-Oct-2025 10:32:19 UTC] PHP Warning:  Undefined variable $i in /opt/code/Block3auftrag2.php on line 11
[30-Oct-2025 10:32:19 UTC] PHP Warning:  Undefined variable $i in /opt/code/Block3auftrag2.php on line 11
[30-Oct-2025 10:32:19 UTC] PHP Warning:  Undefined variable $i in /opt/code/Block3auftrag2.php on line 11
[30-Oct-2025 10:32:19 UTC] PHP Warning:  Undefined variable $i in /opt/code/Block3auftrag2.php on line 11
[30-Oct-2025 10:32:19 UTC] PHP Warning:  Undefined variable $i in /opt/code/Block3auftrag2.php on line 11
[30-Oct-2025 10:32:19 UTC] PHP Warning:  Undefined variable $i in /opt/code/Block3auftrag2.php on line 11
[30-Oct-2025 10:32:19 UTC] PHP Warning:  Undefined variable $i in /opt/code/Block3auftrag2.php on line 11
[30-Oct-2025 10:32:19 UTC] PHP Warning:  Undefined variable $i in /opt/code/Block3auftrag2.php on line 11
[30-Oct-2025 10:32:19 UTC] PHP Warning:  Undefined variable $i in /opt/code/Block3auftrag2.php on line 11
[30-Oct-2025 10:32:19 UTC] PHP Warning:  Undefined variable $i in /opt/code/Block3auftrag2.php on line 11
[30-Oct-2025 10:32:19 UTC] PHP Warning:  Undefined variable $i in /opt/code/Block3auftrag2.php on line 11
[30-Oct-2025 10:32:19 UTC] PHP Warning:  Undefined variable $i in /opt/code/Block3auftrag2.php on line 11
[30-Oct-2025 10:32:19 UTC] PHP Warning:  Undefined variable $i in /opt/code/Block3auftrag2.php on line 11
[30-Oct-2025 10:32:19 UTC] PHP Warning:  Undefined variable $i in /opt/code/Block3auftrag2.php on line 11
[30-Oct-2025 10:32:19 UTC] PHP Warning:  Undefined variable $i in /opt/code/Block3auftrag2.php on line 11
[30-Oct-2025 10:32:19 UTC] PHP Warning:  Undefined variable $i in /opt/code/Block3auftrag2.php on line 11
[30-Oct-2025 10:32:19 UTC] PHP Warning:  Undefined variable $i in /opt/code/Block3auftrag2.php on line 11
[30-Oct-2025 10:32:19 UTC] PHP Warning:  Undefined variable $i in /opt/code/Block3auftrag2.php on line 11
[30-Oct-2025 10:32:19 UTC] PHP Warning:  Undefined variable $i in /opt/code/Block3auftrag2.php on line 11
[30-Oct-2025 10:32:19 UTC] PHP Warning:  Undefined variable $i in /opt/code/Block3auftrag2.php on line 11
[30-Oct-2025 10:32:20 UTC] PHP Warning:  Undefined variable $i in /opt/code/Block3auftrag2.php on line 11
[30-Oct-2025 10:32:20 UTC] PHP Warning:  Undefined variable $i in /opt/code/Block3auftrag2.php on line 11
[30-Oct-2025 10:32:20 UTC] PHP Warning:  Undefined variable $i in /opt/code/Block3auftrag2.php on line 11
[30-Oct-2025 10:32:20 UTC] PHP Warning:  Undefined variable $i in /opt/code/Block3auftrag2.php on line 11
[30-Oct-2025 10:32:20 UTC] PHP Warning:  Undefined variable $i in /opt/code/Block3auftrag2.php on line 11
[30-Oct-2025 10:32:20 UTC] PHP Warning:  Undefined variable $i in /opt/code/Block3auftrag2.php on line 11
[30-Oct-2025 10:32:20 UTC] PHP Warning:  Undefined variable $i in /opt/code/Block3auftrag2.php on line 11
[30-Oct-2025 10:32:20 UTC] PHP Warning:  Undefined variable $i in /opt/code/Block3auftrag2.php on line 11
[30-Oct-2025 10:32:20 UTC] PHP Warning:  Undefined variable $i in /opt/code/Block3auftrag2.php on line 11
[30-Oct-2025 10:32:20 UTC] PHP Warning:  Undefined variable $i in /opt/code/Block3auftrag2.php on line 11
[30-Oct-2025 10:32:20 UTC] PHP Warning:  Undefined variable $i in /opt/code/Block3auftrag2.php on line 11
[30-Oct-2025 10:32:20 UTC] PHP Warning:  Undefined variable $i in /opt/code/Block3auftrag2.php on line 11
[30-Oct-2025 10:32:20 UTC] PHP Warning:  Undefined variable $i in /opt/code/Block3auftrag2.php on line 11
[30-Oct-2025 10:32:20 UTC] PHP Warning:  Undefined variable $i in /opt/code/Block3auftrag2.php on line 11
[30-Oct-2025 10:32:20 UTC] PHP Warning:  Undefined variable $i in /opt/code/Block3auftrag2.php on line 11
[30-Oct-2025 10:32:20 UTC] PHP Warning:  Undefined variable $i in /opt/code/Block3auftrag2.php on line 11
[30-Oct-2025 10:32:20 UTC] PHP Warning:  Undefined variable $i in /opt/code/Block3auftrag2.php on line 11
[30-Oct-2025 10:32:20 UTC] PHP Warning:  Undefined variable $i in /opt/code/Block3auftrag2.php on line 11
[30-Oct-2025 10:32:20 UTC] PHP Warning:  Undefined variable $i in /opt/code/Block3auftrag2.php on line 11
[30-Oct-2025 10:32:20 UTC] PHP Warning:  Undefined variable $i in /opt/code/Block3auftrag2.php on line 11
[30-Oct-2025 10:32:20 UTC] PHP Warning:  Undefined variable $i in /opt/code/Block3auftrag2.php on line 11
[30-Oct-2025 10:32:20 UTC] PHP Warning:  Undefined variable $i in /opt/code/Block3auftrag2.php on line 11
[30-Oct-2025 10:32:20 UTC] PHP Warning:  Undefined variable $i in /opt/code/Block3auftrag2.php on line 11
[30-Oct-2025 10:32:20 UTC] PHP Warning:  Undefined variable $i in /opt/code/Block3auftrag2.php on line 11
[30-Oct-2025 10:32:20 UTC] PHP Warning:  Undefined variable $i in /opt/code/Block3auftrag2.php on line 11
[30-Oct-2025 10:32:20 UTC] PHP Warning:  Undefined variable $i in /opt/code/Block3auftrag2.php on line 11
[30-Oct-2025 10:32:20 UTC] PHP Warning:  Undefined variable $i in /opt/code/Block3auftrag2.php on line 11
[30-Oct-2025 10:32:20 UTC] PHP Warning:  Undefined variable $i in /opt/code/Block3auftrag2.php on line 11
[30-Oct-2025 10:32:20 UTC] PHP Warning:  Undefined variable $i in /opt/code/Block3auftrag2.php on line 11
[30-Oct-2025 10:32:20 UTC] PHP Warning:  Undefined variable $i in /opt/code/Block3auftrag2.php on line 11
[30-Oct-2025 10:32:20 UTC] PHP Warning:  Undefined variable $i in /opt/code/Block3auftrag2.php on line 11
[30-Oct-2025 10:32:20 UTC] PHP Warning:  Undefined variable $i in /opt/code/Block3auftrag2.php on line 11
[30-Oct-2025 10:32:20 UTC] PHP Warning:  Undefined variable $i in /opt/code/Block3auftrag2.php on line 11
[30-Oct-2025 10:32:20 UTC] PHP Warning:  Undefined variable $i in /opt/code/Block3auftrag2.php on line 11
[30-Oct-2025 10:32:20 UTC] PHP Warning:  Undefined variable $i in /opt/code/Block3auftrag2.php on line 11
[30-Oct-2025 10:32:20 UTC] PHP Warning:  Undefined variable $i in /opt/code/Block3auftrag2.php on line 11
[30-Oct-2025 10:32:20 UTC] PHP Warning:  Undefined variable $i in /opt/code/Block3auftrag2.php on line 11
[30-Oct-2025 10:32:20 UTC] PHP Warning:  Undefined variable $i in /opt/code/Block3auftrag2.php on line 11
[30-Oct-2025 10:32:21 UTC] PHP Warning:  Undefined variable $i in /opt/code/Block3auftrag2.php on line 11
[30-Oct-2025 10:32:21 UTC] PHP Warning:  Undefined variable $i in /opt/code/Block3auftrag2.php on line 11
[30-Oct-2025 10:32:21 UTC] PHP Warning:  Undefined variable $i in /opt/code/Block3auftrag2.php on line 11
[30-Oct-2025 10:32:21 UTC] PHP Warning:  Undefined variable $i in /opt/code/Block3auftrag2.php on line 11
[30-Oct-2025 10:32:21 UTC] PHP Warning:  Undefined variable $i in /opt/code/Block3auftrag2.php on line 11
[30-Oct-2025 10:32:21 UTC] PHP Warning:  Undefined variable $i in /opt/code/Block3auftrag2.php on line 11
[30-Oct-2025 10:32:21 UTC] PHP Warning:  Undefined variable $i in /opt/code/Block3auftrag2.php on line 11
[30-Oct-2025 10:32:21 UTC] PHP Warning:  Undefined variable $i in /opt/code/Block3auftrag2.php on line 11
[30-Oct-2025 10:32:21 UTC] PHP Warning:  Undefined variable $i in /opt/code/Block3auftrag2.php on line 11
[30-Oct-2025 10:32:21 UTC] PHP Warning:  Undefined variable $i in /opt/code/Block3auftrag2.php on line 11
[30-Oct-2025 10:32:21 UTC] PHP Warning:  Undefined variable $i in /opt/code/Block3auftrag2.php on line 11
[30-Oct-2025 10:32:21 UTC] PHP Warning:  Undefined variable $i in /opt/code/Block3auftrag2.php on line 11
[30-Oct-2025 10:32:21 UTC] PHP Warning:  Undefined variable $i in /opt/code/Block3auftrag2.php on line 11
[30-Oct-2025 10:32:21 UTC] PHP Warning:  Undefined variable $i in /opt/code/Block3auftrag2.php on line 11
[30-Oct-2025 10:32:21 UTC] PHP Warning:  Undefined variable $i in /opt/code/Block3auftrag2.php on line 11
[30-Oct-2025 10:32:21 UTC] PHP Warning:  Undefined variable $i in /opt/code/Block3auftrag2.php on line 11
[30-Oct-2025 10:32:21 UTC] PHP Warning:  Undefined variable $i in /opt/code/Block3auftrag2.php on line 11
[30-Oct-2025 10:32:21 UTC] PHP Warning:  Undefined variable $i in /opt/code/Block3auftrag2.php on line 11
[30-Oct-2025 10:32:21 UTC] PHP Warning:  Undefined variable $i in /opt/code/Block3auftrag2.php on line 11
[30-Oct-2025 10:32:21 UTC] PHP Warning:  Undefined variable $i in /opt/code/Block3auftrag2.php on line 11
[30-Oct-2025 10:32:21 UTC] PHP Warning:  Undefined variable $i in /opt/code/Block3auftrag2.php on line 11
[30-Oct-2025 10:32:21 UTC] PHP Warning:  Undefined variable $i in /opt/code/Block3auftrag2.php on line 11
[30-Oct-2025 10:32:21 UTC] PHP Warning:  Undefined variable $i in /opt/code/Block3auftrag2.php on line 11
[30-Oct-2025 10:32:21 UTC] PHP Warning:  Undefined variable $i in /opt/code/Block3auftrag2.php on line 11
[30-Oct-2025 10:32:21 UTC] PHP Warning:  Undefined variable $i in /opt/code/Block3auftrag2.php on line 11
[30-Oct-2025 10:32:21 UTC] PHP Warning:  Undefined variable $i in /opt/code/Block3auftrag2.php on line 11
[30-Oct-2025 10:32:21 UTC] PHP Warning:  Undefined variable $i in /opt/code/Block3auftrag2.php on line 11
[30-Oct-2025 10:32:21 UTC] PHP Warning:  Undefined variable $i in /opt/code/Block3auftrag2.php on line 11
[30-Oct-2025 10:32:21 UTC] PHP Warning:  Undefined variable $i in /opt/code/Block3auftrag2.php on line 11
[30-Oct-2025 10:32:21 UTC] PHP Warning:  Undefined variable $i in /opt/code/Block3auftrag2.php on line 11
[30-Oct-2025 10:32:21 UTC] PHP Warning:  Undefined variable $i in /opt/code/Block3auftrag2.php on line 11
[30-Oct-2025 10:32:21 UTC] PHP Warning:  Undefined variable $i in /opt/code/Block3auftrag2.php on line 11
[30-Oct-2025 10:32:21 UTC] PHP Warning:  Undefined variable $i in /opt/code/Block3auftrag2.php on line 11
[30-Oct-2025 10:32:21 UTC] PHP Warning:  Undefined variable $i in /opt/code/Block3auftrag2.php on line 11
[30-Oct-2025 10:32:21 UTC] PHP Warning:  Undefined variable $i in /opt/code/Block3auftrag2.php on line 11
[30-Oct-2025 10:32:21 UTC] PHP Warning:  Undefined variable $i in /opt/code/Block3auftrag2.php on line 11
[30-Oct-2025 10:32:21 UTC] PHP Warning:  Undefined variable $i in /opt/code/Block3auftrag2.php on line 11
[30-Oct-2025 10:32:21 UTC] PHP Warning:  Undefined variable $i in /opt/code/Block3auftrag2.php on line 11
[30-Oct-2025 10:32:22 UTC] PHP Warning:  Undefined variable $i in /opt/code/Block3auftrag2.php on line 11
[30-Oct-2025 10:32:22 UTC] PHP Warning:  Undefined variable $i in /opt/code/Block3auftrag2.php on line 11
[30-Oct-2025 10:32:22 UTC] PHP Warning:  Undefined variable $i in /opt/code/Block3auftrag2.php on line 11
[30-Oct-2025 10:32:22 UTC] PHP Warning:  Undefined variable $i in /opt/code/Block3auftrag2.php on line 11
[30-Oct-2025 10:32:22 UTC] PHP Warning:  Undefined variable $i in /opt/code/Block3auftrag2.php on line 11
[30-Oct-2025 10:32:22 UTC] PHP Warning:  Undefined variable $i in /opt/code/Block3auftrag2.php on line 11
[30-Oct-2025 10:32:22 UTC] PHP Warning:  Undefined variable $i in /opt/code/Block3auftrag2.php on line 11
[30-Oct-2025 10:32:22 UTC] PHP Warning:  Undefined variable $i in /opt/code/Block3auftrag2.php on line 11
[30-Oct-2025 10:32:22 UTC] PHP Warning:  Undefined variable $i in /opt/code/Block3auftrag2.php on line 11
[30-Oct-2025 10:32:22 UTC] PHP Warning:  Undefined variable $i in /opt/code/Block3auftrag2.php on line 11
[30-Oct-2025 10:32:22 UTC] PHP Warning:  Undefined variable $i in /opt/code/Block3auftrag2.php on line 11
[30-Oct-2025 10:32:22 UTC] PHP Warning:  Undefined variable $i in /opt/code/Block3auftrag2.php on line 11
[30-Oct-2025 10:32:22 UTC] PHP Warning:  Undefined variable $i in /opt/code/Block3auftrag2.php on line 11
[30-Oct-2025 10:32:22 UTC] PHP Warning:  Undefined variable $i in /opt/code/Block3auftrag2.php on line 11
[30-Oct-2025 10:32:22 UTC] PHP Warning:  Undefined variable $i in /opt/code/Block3auftrag2.php on line 11
[30-Oct-2025 10:32:22 UTC] PHP Warning:  Undefined variable $i in /opt/code/Block3auftrag2.php on line 11
[30-Oct-2025 10:32:22 UTC] PHP Warning:  Undefined variable $i in /opt/code/Block3auftrag2.php on line 11
[30-Oct-2025 10:32:22 UTC] PHP Warning:  Undefined variable $i in /opt/code/Block3auftrag2.php on line 11
[30-Oct-2025 10:32:22 UTC] PHP Warning:  Undefined variable $i in /opt/code/Block3auftrag2.php on line 11
[30-Oct-2025 10:32:22 UTC] PHP Warning:  Undefined variable $i in /opt/code/Block3auftrag2.php on line 11
[30-Oct-2025 10:32:22 UTC] PHP Warning:  Undefined variable $i in /opt/code/Block3auftrag2.php on line 11
[30-Oct-2025 10:32:22 UTC] PHP Warning:  Undefined variable $i in /opt/code/Block3auftrag2.php on line 11
[30-Oct-2025 10:32:22 UTC] PHP Warning:  Undefined variable $i in /opt/code/Block3auftrag2.php on line 11
[30-Oct-2025 10:32:22 UTC] PHP Warning:  Undefined variable $i in /opt/code/Block3auftrag2.php on line 11
[30-Oct-2025 10:32:22 UTC] PHP Warning:  Undefined variable $i in /opt/code/Block3auftrag2.php on line 11
[30-Oct-2025 10:32:22 UTC] PHP Warning:  Undefined variable $i in /opt/code/Block3auftrag2.php on line 11
[30-Oct-2025 10:32:22 UTC] PHP Warning:  Undefined variable $i in /opt/code/Block3auftrag2.php on line 11
[30-Oct-2025 10:32:22 UTC] PHP Warning:  Undefined variable $i in /opt/code/Block3auftrag2.php on line 11
[30-Oct-2025 10:32:22 UTC] PHP Warning:  Undefined variable $i in /opt/code/Block3auftrag2.php on line 11
[30-Oct-2025 10:32:22 UTC] PHP Warning:  Undefined variable $i in /opt/code/Block3auftrag2.php on line 11
[30-Oct-2025 10:32:22 UTC] PHP Warning:  Undefined variable $i in /opt/code/Block3auftrag2.php on line 11
[30-Oct-2025 10:32:22 UTC] PHP Warning:  Undefined variable $i in /opt/code/Block3auftrag2.php on line 11
[30-Oct-2025 10:32:22 UTC] PHP Warning:  Undefined variable $i in /opt/code/Block3auftrag2.php on line 11
[30-Oct-2025 10:32:22 UTC] PHP Warning:  Undefined variable $i in /opt/code/Block3auftrag2.php on line 11
[30-Oct-2025 10:32:23 UTC] PHP Warning:  Undefined variable $i in /opt/code/Block3auftrag2.php on line 11
[30-Oct-2025 10:32:23 UTC] PHP Warning:  Undefined variable $i in /opt/code/Block3auftrag2.php on line 11
[30-Oct-2025 10:32:23 UTC] PHP Warning:  Undefined variable $i in /opt/code/Block3auftrag2.php on line 11
[30-Oct-2025 10:32:23 UTC] PHP Warning:  Undefined variable $i in /opt/code/Block3auftrag2.php on line 11
[30-Oct-2025 10:32:23 UTC] PHP Warning:  Undefined variable $i in /opt/code/Block3auftrag2.php on line 11
[30-Oct-2025 10:32:23 UTC] PHP Warning:  Undefined variable $i in /opt/code/Block3auftrag2.php on line 11
[30-Oct-2025 10:32:23 UTC] PHP Warning:  Undefined variable $i in /opt/code/Block3auftrag2.php on line 11
[30-Oct-2025 10:32:23 UTC] PHP Warning:  Undefined variable $i in /opt/code/Block3auftrag2.php on line 11
[30-Oct-2025 10:32:23 UTC] PHP Warning:  Undefined variable $i in /opt/code/Block3auftrag2.php on line 11
[30-Oct-2025 10:32:23 UTC] PHP Warning:  Undefined variable $i in /opt/code/Block3auftrag2.php on line 11
[30-Oct-2025 10:32:23 UTC] PHP Warning:  Undefined variable $i in /opt/code/Block3auftrag2.php on line 11
[30-Oct-2025 10:32:23 UTC] PHP Warning:  Undefined variable $i in /opt/code/Block3auftrag2.php on line 11
[30-Oct-2025 10:32:23 UTC] PHP Warning:  Undefined variable $i in /opt/code/Block3auftrag2.php on line 11
[30-Oct-2025 10:32:23 UTC] PHP Warning:  Undefined variable $i in /opt/code/Block3auftrag2.php on line 11
[30-Oct-2025 10:32:23 UTC] PHP Warning:  Undefined variable $i in /opt/code/Block3auftrag2.php on line 11
[30-Oct-2025 10:32:23 UTC] PHP Warning:  Undefined variable $i in /opt/code/Block3auftrag2.php on line 11
[30-Oct-2025 10:32:23 UTC] PHP Warning:  Undefined variable $i in /opt/code/Block3auftrag2.php on line 11
[30-Oct-2025 10:32:23 UTC] PHP Warning:  Undefined variable $i in /opt/code/Block3auftrag2.php on line 11
[30-Oct-2025 10:32:23 UTC] PHP Warning:  Undefined variable $i in /opt/code/Block3auftrag2.php on line 11
[30-Oct-2025 10:32:23 UTC] PHP Warning:  Undefined variable $i in /opt/code/Block3auftrag2.php on line 11
[30-Oct-2025 10:32:23 UTC] PHP Warning:  Undefined variable $i in /opt/code/Block3auftrag2.php on line 11
[30-Oct-2025 10:32:23 UTC] PHP Warning:  Undefined variable $i in /opt/code/Block3auftrag2.php on line 11
[30-Oct-2025 10:32:23 UTC] PHP Warning:  Undefined variable $i in /opt/code/Block3auftrag2.php on line 11
[30-Oct-2025 10:32:23 UTC] PHP Warning:  Undefined variable $i in /opt/code/Block3auftrag2.php on line 11
[30-Oct-2025 10:32:23 UTC] PHP Warning:  Undefined variable $i in /opt/code/Block3auftrag2.php on line 11
[30-Oct-2025 10:32:23 UTC] PHP Warning:  Undefined variable $i in /opt/code/Block3auftrag2.php on line 11
[30-Oct-2025 10:32:23 UTC] PHP Warning:  Undefined variable $i in /opt/code/Block3auftrag2.php on line 11
[30-Oct-2025 10:32:23 UTC] PHP Warning:  Undefined variable $i in /opt/code/Block3auftrag2.php on line 11
[30-Oct-2025 10:32:23 UTC] PHP Warning:  Undefined variable $i in /opt/code/Block3auftrag2.php on line 11
[30-Oct-2025 10:32:23 UTC] PHP Warning:  Undefined variable $i in /opt/code/Block3auftrag2.php on line 11
[30-Oct-2025 10:32:23 UTC] PHP Warning:  Undefined variable $i in /opt/code/Block3auftrag2.php on line 11
[30-Oct-2025 10:32:23 UTC] PHP Warning:  Undefined variable $i in /opt/code/Block3auftrag2.php on line 11
[30-Oct-2025 10:32:23 UTC] PHP Warning:  Undefined variable $i in /opt/code/Block3auftrag2.php on line 11
[30-Oct-2025 10:32:23 UTC] PHP Warning:  Undefined variable $i in /opt/code/Block3auftrag2.php on line 11
[30-Oct-2025 10:32:23 UTC] PHP Warning:  Undefined variable $i in /opt/code/Block3auftrag2.php on line 11
[30-Oct-2025 10:32:23 UTC] PHP Warning:  Undefined variable $i in /opt/code/Block3auftrag2.php on line 11
[30-Oct-2025 10:32:24 UTC] PHP Warning:  Undefined variable $i in /opt/code/Block3auftrag2.php on line 11
[30-Oct-2025 10:32:24 UTC] PHP Warning:  Undefined variable $i in /opt/code/Block3auftrag2.php on line 11
[30-Oct-2025 10:32:24 UTC] PHP Warning:  Undefined variable $i in /opt/code/Block3auftrag2.php on line 11
[30-Oct-2025 10:32:24 UTC] PHP Warning:  Undefined variable $i in /opt/code/Block3auftrag2.php on line 11
[30-Oct-2025 10:32:24 UTC] PHP Warning:  Undefined variable $i in /opt/code/Block3auftrag2.php on line 11
[30-Oct-2025 10:32:24 UTC] PHP Warning:  Undefined variable $i in /opt/code/Block3auftrag2.php on line 11
[30-Oct-2025 10:32:24 UTC] PHP Warning:  Undefined variable $i in /opt/code/Block3auftrag2.php on line 11
[30-Oct-2025 10:32:24 UTC] PHP Warning:  Undefined variable $i in /opt/code/Block3auftrag2.php on line 11
[30-Oct-2025 10:32:24 UTC] PHP Warning:  Undefined variable $i in /opt/code/Block3auftrag2.php on line 11
[30-Oct-2025 10:32:24 UTC] PHP Warning:  Undefined variable $i in /opt/code/Block3auftrag2.php on line 11
[30-Oct-2025 10:32:24 UTC] PHP Warning:  Undefined variable $i in /opt/code/Block3auftrag2.php on line 11
[30-Oct-2025 10:32:24 UTC] PHP Warning:  Undefined variable $i in /opt/code/Block3auftrag2.php on line 11
[30-Oct-2025 10:32:24 UTC] PHP Warning:  Undefined variable $i in /opt/code/Block3auftrag2.php on line 11
[30-Oct-2025 10:32:24 UTC] PHP Warning:  Undefined variable $i in /opt/code/Block3auftrag2.php on line 11
[30-Oct-2025 10:32:24 UTC] PHP Warning:  Undefined variable $i in /opt/code/Block3auftrag2.php on line 11
[30-Oct-2025 10:32:24 UTC] PHP Warning:  Undefined variable $i in /opt/code/Block3auftrag2.php on line 11
[30-Oct-2025 10:32:24 UTC] PHP Warning:  Undefined variable $i in /opt/code/Block3auftrag2.php on line 11
[30-Oct-2025 10:32:24 UTC] PHP Warning:  Undefined variable $i in /opt/code/Block3auftrag2.php on line 11
[30-Oct-2025 10:32:24 UTC] PHP Warning:  Undefined variable $i in /opt/code/Block3auftrag2.php on line 11
[30-Oct-2025 10:32:24 UTC] PHP Warning:  Undefined variable $i in /opt/code/Block3auftrag2.php on line 11
[30-Oct-2025 10:32:24 UTC] PHP Warning:  Undefined variable $i in /opt/code/Block3auftrag2.php on line 11
[30-Oct-2025 10:32:24 UTC] PHP Warning:  Undefined variable $i in /opt/code/Block3auftrag2.php on line 11
[30-Oct-2025 10:32:24 UTC] PHP Warning:  Undefined variable $i in /opt/code/Block3auftrag2.php on line 11
[30-Oct-2025 10:32:24 UTC] PHP Warning:  Undefined variable $i in /opt/code/Block3auftrag2.php on line 11
[30-Oct-2025 10:32:24 UTC] PHP Warning:  Undefined variable $i in /opt/code/Block3auftrag2.php on line 11
[30-Oct-2025 10:32:24 UTC] PHP Warning:  Undefined variable $i in /opt/code/Block3auftrag2.php on line 11
[30-Oct-2025 10:32:24 UTC] PHP Warning:  Undefined variable $i in /opt/code/Block3auftrag2.php on line 11
[30-Oct-2025 10:32:24 UTC] PHP Warning:  Undefined variable $i in /opt/code/Block3auftrag2.php on line 11
[30-Oct-2025 10:32:24 UTC] PHP Warning:  Undefined variable $i in /opt/code/Block3auftrag2.php on line 11
[30-Oct-2025 10:32:24 UTC] PHP Warning:  Undefined variable $i in /opt/code/Block3auftrag2.php on line 11
[30-Oct-2025 10:32:24 UTC] PHP Warning:  Undefined variable $i in /opt/code/Block3auftrag2.php on line 11
[30-Oct-2025 10:32:24 UTC] PHP Warning:  Undefined variable $i in /opt/code/Block3auftrag2.php on line 11
[30-Oct-2025 10:32:24 UTC] PHP Warning:  Undefined variable $i in /opt/code/Block3auftrag2.php on line 11
[30-Oct-2025 10:32:24 UTC] PHP Warning:  Undefined variable $i in /opt/code/Block3auftrag2.php on line 11
[30-Oct-2025 10:32:24 UTC] PHP Warning:  Undefined variable $i in /opt/code/Block3auftrag2.php on line 11
[30-Oct-2025 10:32:24 UTC] PHP Warning:  Undefined variable $i in /opt/code/Block3auftrag2.php on line 11
[30-Oct-2025 10:32:24 UTC] PHP Warning:  Undefined variable $i in /opt/code/Block3auftrag2.php on line 11
[30-Oct-2025 10:32:25 UTC] PHP Warning:  Undefined variable $i in /opt/code/Block3auftrag2.php on line 11
[30-Oct-2025 10:32:25 UTC] PHP Warning:  Undefined variable $i in /opt/code/Block3auftrag2.php on line 11
[30-Oct-2025 10:32:25 UTC] PHP Warning:  Undefined variable $i in /opt/code/Block3auftrag2.php on line 11
[30-Oct-2025 10:32:25 UTC] PHP Warning:  Undefined variable $i in /opt/code/Block3auftrag2.php on line 11
[30-Oct-2025 10:32:25 UTC] PHP Warning:  Undefined variable $i in /opt/code/Block3auftrag2.php on line 11
[30-Oct-2025 10:32:25 UTC] PHP Warning:  Undefined variable $i in /opt/code/Block3auftrag2.php on line 11
[30-Oct-2025 10:32:25 UTC] PHP Warning:  Undefined variable $i in /opt/code/Block3auftrag2.php on line 11
[30-Oct-2025 10:32:25 UTC] PHP Warning:  Undefined variable $i in /opt/code/Block3auftrag2.php on line 11
[30-Oct-2025 10:32:25 UTC] PHP Warning:  Undefined variable $i in /opt/code/Block3auftrag2.php on line 11
[30-Oct-2025 10:32:25 UTC] PHP Warning:  Undefined variable $i in /opt/code/Block3auftrag2.php on line 11
[30-Oct-2025 10:32:25 UTC] PHP Warning:  Undefined variable $i in /opt/code/Block3auftrag2.php on line 11
[30-Oct-2025 10:32:25 UTC] PHP Warning:  Undefined variable $i in /opt/code/Block3auftrag2.php on line 11
[30-Oct-2025 10:32:25 UTC] PHP Warning:  Undefined variable $i in /opt/code/Block3auftrag2.php on line 11
[30-Oct-2025 10:32:25 UTC] PHP Warning:  Undefined variable $i in /opt/code/Block3auftrag2.php on line 11
[30-Oct-2025 10:32:25 UTC] PHP Warning:  Undefined variable $i in /opt/code/Block3auftrag2.php on line 11
[30-Oct-2025 10:32:25 UTC] PHP Warning:  Undefined variable $i in /opt/code/Block3auftrag2.php on line 11
[30-Oct-2025 10:32:25 UTC] PHP Warning:  Undefined variable $i in /opt/code/Block3auftrag2.php on line 11
[30-Oct-2025 10:32:25 UTC] PHP Warning:  Undefined variable $i in /opt/code/Block3auftrag2.php on line 11
[30-Oct-2025 10:32:25 UTC] PHP Warning:  Undefined variable $i in /opt/code/Block3auftrag2.php on line 11
[30-Oct-2025 10:32:25 UTC] PHP Warning:  Undefined variable $i in /opt/code/Block3auftrag2.php on line 11
[30-Oct-2025 10:32:25 UTC] PHP Warning:  Undefined variable $i in /opt/code/Block3auftrag2.php on line 11
[30-Oct-2025 10:32:25 UTC] PHP Warning:  Undefined variable $i in /opt/code/Block3auftrag2.php on line 11
[30-Oct-2025 10:32:25 UTC] PHP Warning:  Undefined variable $i in /opt/code/Block3auftrag2.php on line 11
[30-Oct-2025 10:32:25 UTC] PHP Warning:  Undefined variable $i in /opt/code/Block3auftrag2.php on line 11
[30-Oct-2025 10:32:25 UTC] PHP Warning:  Undefined variable $i in /opt/code/Block3auftrag2.php on line 11
[30-Oct-2025 10:32:25 UTC] PHP Warning:  Undefined variable $i in /opt/code/Block3auftrag2.php on line 11
[30-Oct-2025 10:32:25 UTC] PHP Warning:  Undefined variable $i in /opt/code/Block3auftrag2.php on line 11
[30-Oct-2025 10:32:25 UTC] PHP Warning:  Undefined variable $i in /opt/code/Block3auftrag2.php on line 11
[30-Oct-2025 10:32:25 UTC] PHP Warning:  Undefined variable $i in /opt/code/Block3auftrag2.php on line 11
[30-Oct-2025 10:32:25 UTC] PHP Warning:  Undefined variable $i in /opt/code/Block3auftrag2.php on line 11
[30-Oct-2025 10:32:25 UTC] PHP Warning:  Undefined variable $i in /opt/code/Block3auftrag2.php on line 11
[30-Oct-2025 10:32:25 UTC] PHP Warning:  Undefined variable $i in /opt/code/Block3auftrag2.php on line 11
[30-Oct-2025 10:32:25 UTC] PHP Warning:  Undefined variable $i in /opt/code/Block3auftrag2.php on line 11
[30-Oct-2025 10:32:25 UTC] PHP Warning:  Undefined variable $i in /opt/code/Block3auftrag2.php on line 11
[30-Oct-2025 10:32:25 UTC] PHP Warning:  Undefined variable $i in /opt/code/Block3auftrag2.php on line 11
[30-Oct-2025 10:32:25 UTC] PHP Warning:  Undefined variable $i in /opt/code/Block3auftrag2.php on line 11
[30-Oct-2025 10:32:26 UTC] PHP Warning:  Undefined variable $i in /opt/code/Block3auftrag2.php on line 11
[30-Oct-2025 10:32:26 UTC] PHP Warning:  Undefined variable $i in /opt/code/Block3auftrag2.php on line 11
[30-Oct-2025 10:32:26 UTC] PHP Warning:  Undefined variable $i in /opt/code/Block3auftrag2.php on line 11
[30-Oct-2025 10:32:26 UTC] PHP Warning:  Undefined variable $i in /opt/code/Block3auftrag2.php on line 11
[30-Oct-2025 10:32:26 UTC] PHP Warning:  Undefined variable $i in /opt/code/Block3auftrag2.php on line 11
[30-Oct-2025 10:32:26 UTC] PHP Warning:  Undefined variable $i in /opt/code/Block3auftrag2.php on line 11
[30-Oct-2025 10:32:26 UTC] PHP Warning:  Undefined variable $i in /opt/code/Block3auftrag2.php on line 11
[30-Oct-2025 10:32:26 UTC] PHP Warning:  Undefined variable $i in /opt/code/Block3auftrag2.php on line 11
[30-Oct-2025 10:32:26 UTC] PHP Warning:  Undefined variable $i in /opt/code/Block3auftrag2.php on line 11
[30-Oct-2025 10:32:26 UTC] PHP Warning:  Undefined variable $i in /opt/code/Block3auftrag2.php on line 11
[30-Oct-2025 10:32:26 UTC] PHP Warning:  Undefined variable $i in /opt/code/Block3auftrag2.php on line 11
[30-Oct-2025 10:32:26 UTC] PHP Warning:  Undefined variable $i in /opt/code/Block3auftrag2.php on line 11
[30-Oct-2025 10:32:26 UTC] PHP Warning:  Undefined variable $i in /opt/code/Block3auftrag2.php on line 11
[30-Oct-2025 10:32:26 UTC] PHP Warning:  Undefined variable $i in /opt/code/Block3auftrag2.php on line 11
[30-Oct-2025 10:32:26 UTC] PHP Warning:  Undefined variable $i in /opt/code/Block3auftrag2.php on line 11
[30-Oct-2025 10:32:26 UTC] PHP Warning:  Undefined variable $i in /opt/code/Block3auftrag2.php on line 11
[30-Oct-2025 10:32:26 UTC] PHP Warning:  Undefined variable $i in /opt/code/Block3auftrag2.php on line 11
[30-Oct-2025 10:32:26 UTC] PHP Warning:  Undefined variable $i in /opt/code/Block3auftrag2.php on line 11
[30-Oct-2025 10:32:26 UTC] PHP Warning:  Undefined variable $i in /opt/code/Block3auftrag2.php on line 11
[30-Oct-2025 10:32:26 UTC] PHP Warning:  Undefined variable $i in /opt/code/Block3auftrag2.php on line 11
[30-Oct-2025 10:32:26 UTC] PHP Warning:  Undefined variable $i in /opt/code/Block3auftrag2.php on line 11
[30-Oct-2025 10:32:26 UTC] PHP Warning:  Undefined variable $i in /opt/code/Block3auftrag2.php on line 11
[30-Oct-2025 10:32:26 UTC] PHP Warning:  Undefined variable $i in /opt/code/Block3auftrag2.php on line 11
[30-Oct-2025 10:32:26 UTC] PHP Warning:  Undefined variable $i in /opt/code/Block3auftrag2.php on line 11
[30-Oct-2025 10:32:26 UTC] PHP Warning:  Undefined variable $i in /opt/code/Block3auftrag2.php on line 11
[30-Oct-2025 10:32:26 UTC] PHP Warning:  Undefined variable $i in /opt/code/Block3auftrag2.php on line 11
[30-Oct-2025 10:32:26 UTC] PHP Warning:  Undefined variable $i in /opt/code/Block3auftrag2.php on line 11
[30-Oct-2025 10:32:26 UTC] PHP Warning:  Undefined variable $i in /opt/code/Block3auftrag2.php on line 11
[30-Oct-2025 10:32:26 UTC] PHP Warning:  Undefined variable $i in /opt/code/Block3auftrag2.php on line 11
[30-Oct-2025 10:32:26 UTC] PHP Warning:  Undefined variable $i in /opt/code/Block3auftrag2.php on line 11
[30-Oct-2025 10:32:26 UTC] PHP Warning:  Undefined variable $i in /opt/code/Block3auftrag2.php on line 11
[30-Oct-2025 10:32:26 UTC] PHP Warning:  Undefined variable $i in /opt/code/Block3auftrag2.php on line 11
[30-Oct-2025 10:32:26 UTC] PHP Warning:  Undefined variable $i in /opt/code/Block3auftrag2.php on line 11
[30-Oct-2025 10:32:26 UTC] PHP Warning:  Undefined variable $i in /opt/code/Block3auftrag2.php on line 11
[30-Oct-2025 10:32:26 UTC] PHP Warning:  Undefined variable $i in /opt/code/Block3auftrag2.php on line 11
[30-Oct-2025 10:32:26 UTC] PHP Warning:  Undefined variable $i in /opt/code/Block3auftrag2.php on line 11
[30-Oct-2025 10:32:26 UTC] PHP Warning:  Undefined variable $i in /opt/code/Block3auftrag2.php on line 11
[30-Oct-2025 10:32:26 UTC] PHP Warning:  Undefined variable $i in /opt/code/Block3auftrag2.php on line 11
[30-Oct-2025 10:32:26 UTC] PHP Warning:  Undefined variable $i in /opt/code/Block3auftrag2.php on line 11
[30-Oct-2025 10:32:27 UTC] PHP Warning:  Undefined variable $i in /opt/code/Block3auftrag2.php on line 11
[30-Oct-2025 10:32:27 UTC] PHP Warning:  Undefined variable $i in /opt/code/Block3auftrag2.php on line 11
[30-Oct-2025 10:32:27 UTC] PHP Warning:  Undefined variable $i in /opt/code/Block3auftrag2.php on line 11
[30-Oct-2025 10:32:27 UTC] PHP Warning:  Undefined variable $i in /opt/code/Block3auftrag2.php on line 11
[30-Oct-2025 10:32:27 UTC] PHP Warning:  Undefined variable $i in /opt/code/Block3auftrag2.php on line 11
[30-Oct-2025 10:32:27 UTC] PHP Warning:  Undefined variable $i in /opt/code/Block3auftrag2.php on line 11
[30-Oct-2025 10:32:27 UTC] PHP Warning:  Undefined variable $i in /opt/code/Block3auftrag2.php on line 11
[30-Oct-2025 10:32:27 UTC] PHP Warning:  Undefined variable $i in /opt/code/Block3auftrag2.php on line 11
[30-Oct-2025 10:32:27 UTC] PHP Warning:  Undefined variable $i in /opt/code/Block3auftrag2.php on line 11
[30-Oct-2025 10:32:27 UTC] PHP Warning:  Undefined variable $i in /opt/code/Block3auftrag2.php on line 11
[30-Oct-2025 10:32:27 UTC] PHP Warning:  Undefined variable $i in /opt/code/Block3auftrag2.php on line 11
[30-Oct-2025 10:32:27 UTC] PHP Warning:  Undefined variable $i in /opt/code/Block3auftrag2.php on line 11
[30-Oct-2025 10:32:27 UTC] PHP Warning:  Undefined variable $i in /opt/code/Block3auftrag2.php on line 11
[30-Oct-2025 10:32:27 UTC] PHP Warning:  Undefined variable $i in /opt/code/Block3auftrag2.php on line 11
[30-Oct-2025 10:32:27 UTC] PHP Warning:  Undefined variable $i in /opt/code/Block3auftrag2.php on line 11
[30-Oct-2025 10:32:27 UTC] PHP Warning:  Undefined variable $i in /opt/code/Block3auftrag2.php on line 11
[30-Oct-2025 10:32:27 UTC] PHP Warning:  Undefined variable $i in /opt/code/Block3auftrag2.php on line 11
[30-Oct-2025 10:32:27 UTC] PHP Warning:  Undefined variable $i in /opt/code/Block3auftrag2.php on line 11
[30-Oct-2025 10:32:27 UTC] PHP Warning:  Undefined variable $i in /opt/code/Block3auftrag2.php on line 11
[30-Oct-2025 10:32:27 UTC] PHP Warning:  Undefined variable $i in /opt/code/Block3auftrag2.php on line 11
[30-Oct-2025 10:32:27 UTC] PHP Warning:  Undefined variable $i in /opt/code/Block3auftrag2.php on line 11
[30-Oct-2025 10:32:27 UTC] PHP Warning:  Undefined variable $i in /opt/code/Block3auftrag2.php on line 11
[30-Oct-2025 10:32:27 UTC] PHP Warning:  Undefined variable $i in /opt/code/Block3auftrag2.php on line 11
[30-Oct-2025 10:32:27 UTC] PHP Warning:  Undefined variable $i in /opt/code/Block3auftrag2.php on line 11
[30-Oct-2025 10:32:27 UTC] PHP Warning:  Undefined variable $i in /opt/code/Block3auftrag2.php on line 11
[30-Oct-2025 10:32:27 UTC] PHP Warning:  Undefined variable $i in /opt/code/Block3auftrag2.php on line 11
[30-Oct-2025 10:32:27 UTC] PHP Warning:  Undefined variable $i in /opt/code/Block3auftrag2.php on line 11
[30-Oct-2025 10:32:27 UTC] PHP Warning:  Undefined variable $i in /opt/code/Block3auftrag2.php on line 11
[30-Oct-2025 10:32:27 UTC] PHP Warning:  Undefined variable $i in /opt/code/Block3auftrag2.php on line 11
[30-Oct-2025 10:32:27 UTC] PHP Warning:  Undefined variable $i in /opt/code/Block3auftrag2.php on line 11
[30-Oct-2025 10:32:27 UTC] PHP Warning:  Undefined variable $i in /opt/code/Block3auftrag2.php on line 11
[30-Oct-2025 10:32:27 UTC] PHP Warning:  Undefined variable $i in /opt/code/Block3auftrag2.php on line 11
[30-Oct-2025 10:32:27 UTC] PHP Warning:  Undefined variable $i in /opt/code/Block3auftrag2.php on line 11
[30-Oct-2025 10:32:27 UTC] PHP Warning:  Undefined variable $i in /opt/code/Block3auftrag2.php on line 11
[30-Oct-2025 10:32:27 UTC] PHP Warning:  Undefined variable $i in /opt/code/Block3auftrag2.php on line 11
[30-Oct-2025 10:32:27 UTC] PHP Warning:  Undefined variable $i in /opt/code/Block3auftrag2.php on line 11
[30-Oct-2025 10:32:27 UTC] PHP Warning:  Undefined variable $i in /opt/code/Block3auftrag2.php on line 11
[30-Oct-2025 10:32:27 UTC] PHP Warning:  Undefined variable $i in /opt/code/Block3auftrag2.php on line 11
[30-Oct-2025 10:32:28 UTC] PHP Warning:  Undefined variable $i in /opt/code/Block3auftrag2.php on line 11
[30-Oct-2025 10:32:28 UTC] PHP Warning:  Undefined variable $i in /opt/code/Block3auftrag2.php on line 11
[30-Oct-2025 10:32:28 UTC] PHP Warning:  Undefined variable $i in /opt/code/Block3auftrag2.php on line 11
[30-Oct-2025 10:32:28 UTC] PHP Warning:  Undefined variable $i in /opt/code/Block3auftrag2.php on line 11
[30-Oct-2025 10:32:28 UTC] PHP Warning:  Undefined variable $i in /opt/code/Block3auftrag2.php on line 11
[30-Oct-2025 10:32:28 UTC] PHP Warning:  Undefined variable $i in /opt/code/Block3auftrag2.php on line 11
[30-Oct-2025 10:32:28 UTC] PHP Warning:  Undefined variable $i in /opt/code/Block3auftrag2.php on line 11
[30-Oct-2025 10:32:28 UTC] PHP Warning:  Undefined variable $i in /opt/code/Block3auftrag2.php on line 11
[30-Oct-2025 10:32:28 UTC] PHP Warning:  Undefined variable $i in /opt/code/Block3auftrag2.php on line 11
[30-Oct-2025 10:32:28 UTC] PHP Warning:  Undefined variable $i in /opt/code/Block3auftrag2.php on line 11
[30-Oct-2025 10:32:28 UTC] PHP Warning:  Undefined variable $i in /opt/code/Block3auftrag2.php on line 11
[30-Oct-2025 10:32:28 UTC] PHP Warning:  Undefined variable $i in /opt/code/Block3auftrag2.php on line 11
[30-Oct-2025 10:32:28 UTC] PHP Warning:  Undefined variable $i in /opt/code/Block3auftrag2.php on line 11
[30-Oct-2025 10:32:28 UTC] PHP Warning:  Undefined variable $i in /opt/code/Block3auftrag2.php on line 11
[30-Oct-2025 10:32:28 UTC] PHP Warning:  Undefined variable $i in /opt/code/Block3auftrag2.php on line 11
[30-Oct-2025 10:32:28 UTC] PHP Warning:  Undefined variable $i in /opt/code/Block3auftrag2.php on line 11
[30-Oct-2025 10:32:28 UTC] PHP Warning:  Undefined variable $i in /opt/code/Block3auftrag2.php on line 11
[30-Oct-2025 10:32:28 UTC] PHP Warning:  Undefined variable $i in /opt/code/Block3auftrag2.php on line 11
[30-Oct-2025 10:32:28 UTC] PHP Warning:  Undefined variable $i in /opt/code/Block3auftrag2.php on line 11
[30-Oct-2025 10:32:28 UTC] PHP Warning:  Undefined variable $i in /opt/code/Block3auftrag2.php on line 11
[30-Oct-2025 10:32:28 UTC] PHP Warning:  Undefined variable $i in /opt/code/Block3auftrag2.php on line 11
[30-Oct-2025 10:32:28 UTC] PHP Warning:  Undefined variable $i in /opt/code/Block3auftrag2.php on line 11
[30-Oct-2025 10:32:28 UTC] PHP Warning:  Undefined variable $i in /opt/code/Block3auftrag2.php on line 11
[30-Oct-2025 10:32:28 UTC] PHP Warning:  Undefined variable $i in /opt/code/Block3auftrag2.php on line 11
[30-Oct-2025 10:32:28 UTC] PHP Warning:  Undefined variable $i in /opt/code/Block3auftrag2.php on line 11
[30-Oct-2025 10:32:28 UTC] PHP Warning:  Undefined variable $i in /opt/code/Block3auftrag2.php on line 11
[30-Oct-2025 10:32:28 UTC] PHP Warning:  Undefined variable $i in /opt/code/Block3auftrag2.php on line 11
[30-Oct-2025 10:32:28 UTC] PHP Warning:  Undefined variable $i in /opt/code/Block3auftrag2.php on line 11
[30-Oct-2025 10:32:28 UTC] PHP Warning:  Undefined variable $i in /opt/code/Block3auftrag2.php on line 11
[30-Oct-2025 10:32:28 UTC] PHP Warning:  Undefined variable $i in /opt/code/Block3auftrag2.php on line 11
[30-Oct-2025 10:32:28 UTC] PHP Warning:  Undefined variable $i in /opt/code/Block3auftrag2.php on line 11
[30-Oct-2025 10:32:28 UTC] PHP Warning:  Undefined variable $i in /opt/code/Block3auftrag2.php on line 11
[30-Oct-2025 10:32:28 UTC] PHP Warning:  Undefined variable $i in /opt/code/Block3auftrag2.php on line 11
[30-Oct-2025 10:32:28 UTC] PHP Warning:  Undefined variable $i in /opt/code/Block3auftrag2.php on line 11
[30-Oct-2025 10:32:28 UTC] PHP Warning:  Undefined variable $i in /opt/code/Block3auftrag2.php on line 11
[30-Oct-2025 10:32:28 UTC] PHP Warning:  Undefined variable $i in /opt/code/Block3auftrag2.php on line 11
[30-Oct-2025 10:32:28 UTC] PHP Warning:  Undefined variable $i in /opt/code/Block3auftrag2.php on line 11
[30-Oct-2025 10:32:28 UTC] PHP Warning:  Undefined variable $i in /opt/code/Block3auftrag2.php on line 11
[30-Oct-2025 10:32:28 UTC] PHP Warning:  Undefined variable $i in /opt/code/Block3auftrag2.php on line 11
[30-Oct-2025 10:32:28 UTC] PHP Warning:  Undefined variable $i in /opt/code/Block3auftrag2.php on line 11
[30-Oct-2025 10:32:28 UTC] PHP Warning:  Undefined variable $i in /opt/code/Block3auftrag2.php on line 11
[30-Oct-2025 10:32:28 UTC] PHP Warning:  Undefined variable $i in /opt/code/Block3auftrag2.php on line 11
[30-Oct-2025 10:32:29 UTC] PHP Warning:  Undefined variable $i in /opt/code/Block3auftrag2.php on line 11
[30-Oct-2025 10:32:29 UTC] PHP Warning:  Undefined variable $i in /opt/code/Block3auftrag2.php on line 11
[30-Oct-2025 10:32:29 UTC] PHP Warning:  Undefined variable $i in /opt/code/Block3auftrag2.php on line 11
[30-Oct-2025 10:32:29 UTC] PHP Warning:  Undefined variable $i in /opt/code/Block3auftrag2.php on line 11
[30-Oct-2025 10:32:29 UTC] PHP Warning:  Undefined variable $i in /opt/code/Block3auftrag2.php on line 11
[30-Oct-2025 10:32:29 UTC] PHP Warning:  Undefined variable $i in /opt/code/Block3auftrag2.php on line 11
[30-Oct-2025 10:32:29 UTC] PHP Warning:  Undefined variable $i in /opt/code/Block3auftrag2.php on line 11
[30-Oct-2025 10:32:29 UTC] PHP Warning:  Undefined variable $i in /opt/code/Block3auftrag2.php on line 11
[30-Oct-2025 10:32:29 UTC] PHP Warning:  Undefined variable $i in /opt/code/Block3auftrag2.php on line 11
[30-Oct-2025 10:32:29 UTC] PHP Warning:  Undefined variable $i in /opt/code/Block3auftrag2.php on line 11
[30-Oct-2025 10:32:29 UTC] PHP Warning:  Undefined variable $i in /opt/code/Block3auftrag2.php on line 11
[30-Oct-2025 10:32:29 UTC] PHP Warning:  Undefined variable $i in /opt/code/Block3auftrag2.php on line 11
[30-Oct-2025 10:32:29 UTC] PHP Warning:  Undefined variable $i in /opt/code/Block3auftrag2.php on line 11
[30-Oct-2025 10:32:29 UTC] PHP Warning:  Undefined variable $i in /opt/code/Block3auftrag2.php on line 11
[30-Oct-2025 10:32:29 UTC] PHP Warning:  Undefined variable $i in /opt/code/Block3auftrag2.php on line 11
[30-Oct-2025 10:32:29 UTC] PHP Warning:  Undefined variable $i in /opt/code/Block3auftrag2.php on line 11
[30-Oct-2025 10:32:29 UTC] PHP Warning:  Undefined variable $i in /opt/code/Block3auftrag2.php on line 11
[30-Oct-2025 10:32:29 UTC] PHP Warning:  Undefined variable $i in /opt/code/Block3auftrag2.php on line 11
[30-Oct-2025 10:32:29 UTC] PHP Warning:  Undefined variable $i in /opt/code/Block3auftrag2.php on line 11
[30-Oct-2025 10:32:29 UTC] PHP Warning:  Undefined variable $i in /opt/code/Block3auftrag2.php on line 11
[30-Oct-2025 10:32:29 UTC] PHP Warning:  Undefined variable $i in /opt/code/Block3auftrag2.php on line 11
[30-Oct-2025 10:32:29 UTC] PHP Warning:  Undefined variable $i in /opt/code/Block3auftrag2.php on line 11
[30-Oct-2025 10:32:29 UTC] PHP Warning:  Undefined variable $i in /opt/code/Block3auftrag2.php on line 11
[30-Oct-2025 10:32:29 UTC] PHP Warning:  Undefined variable $i in /opt/code/Block3auftrag2.php on line 11
[30-Oct-2025 10:32:29 UTC] PHP Warning:  Undefined variable $i in /opt/code/Block3auftrag2.php on line 11
[30-Oct-2025 10:32:29 UTC] PHP Warning:  Undefined variable $i in /opt/code/Block3auftrag2.php on line 11
[30-Oct-2025 10:32:29 UTC] PHP Warning:  Undefined variable $i in /opt/code/Block3auftrag2.php on line 11
[30-Oct-2025 10:32:29 UTC] PHP Warning:  Undefined variable $i in /opt/code/Block3auftrag2.php on line 11
[30-Oct-2025 10:32:29 UTC] PHP Warning:  Undefined variable $i in /opt/code/Block3auftrag2.php on line 11
[30-Oct-2025 10:32:29 UTC] PHP Warning:  Undefined variable $i in /opt/code/Block3auftrag2.php on line 11
[30-Oct-2025 10:32:29 UTC] PHP Warning:  Undefined variable $i in /opt/code/Block3auftrag2.php on line 11
[30-Oct-2025 10:32:29 UTC] PHP Warning:  Undefined variable $i in /opt/code/Block3auftrag2.php on line 11
[30-Oct-2025 10:32:30 UTC] PHP Warning:  Undefined variable $i in /opt/code/Block3auftrag2.php on line 11
[30-Oct-2025 10:32:30 UTC] PHP Warning:  Undefined variable $i in /opt/code/Block3auftrag2.php on line 11
[30-Oct-2025 10:32:30 UTC] PHP Warning:  Undefined variable $i in /opt/code/Block3auftrag2.php on line 11
[30-Oct-2025 10:32:30 UTC] PHP Warning:  Undefined variable $i in /opt/code/Block3auftrag2.php on line 11
[30-Oct-2025 10:32:30 UTC] PHP Warning:  Undefined variable $i in /opt/code/Block3auftrag2.php on line 11
[30-Oct-2025 10:32:30 UTC] PHP Warning:  Undefined variable $i in /opt/code/Block3auftrag2.php on line 11
[30-Oct-2025 10:32:30 UTC] PHP Warning:  Undefined variable $i in /opt/code/Block3auftrag2.php on line 11
[30-Oct-2025 10:32:30 UTC] PHP Warning:  Undefined variable $i in /opt/code/Block3auftrag2.php on line 11
[30-Oct-2025 10:32:30 UTC] PHP Warning:  Undefined variable $i in /opt/code/Block3auftrag2.php on line 11
[30-Oct-2025 10:32:30 UTC] PHP Warning:  Undefined variable $i in /opt/code/Block3auftrag2.php on line 11
[30-Oct-2025 10:32:30 UTC] PHP Warning:  Undefined variable $i in /opt/code/Block3auftrag2.php on line 11
[30-Oct-2025 13:36:09 UTC] Xdebug: [Step Debug] Could not connect to debugging client. Tried: localhost:0 (fallback through xdebug.client_host/xdebug.client_port).
[30-Oct-2025 14:55:18 UTC] PHP Warning:  Undefined variable $computerZahl in /opt/code/Block1auftrag1.php on line 33
[30-Oct-2025 14:55:18 UTC] PHP Warning:  Undefined variable $computerZahl in /opt/code/Block1auftrag1.php on line 50
[30-Oct-2025 14:55:18 UTC] PHP Fatal error:  Uncaught Error: Call to undefined function zeigeErgebnis() in /opt/code/Block1auftrag1.php:57
Stack trace:
#0 {main}
  thrown in /opt/code/Block1auftrag1.php on line 57
[30-Oct-2025 14:59:41 UTC] PHP Fatal error:  Uncaught Error: Call to undefined function zeigeErgebnis() in /opt/code/Block1auftrag1.php:57
Stack trace:
#0 {main}
  thrown in /opt/code/Block1auftrag1.php on line 57
[30-Oct-2025 15:25:19 UTC] PHP Fatal error:  Cannot redeclare function throwcoin() (previously declared in /opt/code/Block1auftrag1.php:19) in /opt/code/Block1auftrag1.php on line 67
[30-Oct-2025 15:25:23 UTC] PHP Fatal error:  Cannot redeclare function throwcoin() (previously declared in /opt/code/Block1auftrag1.php:19) in /opt/code/Block1auftrag1.php on line 67
[07-Nov-2025 09:17:31 UTC] PHP Fatal error:  Uncaught Error: Call to undefined function frage() in /opt/code/zombie_game.php:26
Stack trace:
#0 {main}
  thrown in /opt/code/zombie_game.php on line 26
